<?xml version="1.0" encoding="UTF-8"?>
<!-- Generated by org.testng.reporters.JUnitReportReporter -->
<testsuite hostname="DESKTOP-P77456N" failures="0" tests="1" name="com.org.tests.AdminTestCases" time="1.050" errors="0" timestamp="2024-10-09T23:05:16 IST" skipped="0">
  <testcase classname="com.org.tests.AdminTestCases" name="validateAdminMenu" time="1.050"/>
</testsuite> <!-- com.org.tests.AdminTestCases -->
