<?xml version="1.0" encoding="UTF-8"?>
<!-- Generated by org.testng.reporters.JUnitReportReporter -->
<testsuite hostname="DESKTOP-P77456N" failures="0" tests="1" name="com.org.tests.LoginPageTests" time="1.473" errors="0" timestamp="2024-10-09T23:05:16 IST" skipped="0">
  <testcase classname="com.org.tests.LoginPageTests" name="validateLogin" time="1.473"/>
</testsuite> <!-- com.org.tests.LoginPageTests -->
