<?xml version="1.0" encoding="UTF-8"?>
<!-- Generated by org.testng.reporters.JUnitReportReporter -->
<testsuite hostname="DESKTOP-P77456N" failures="0" tests="3" name="com.org.tests.AdminTestCases" time="13.862" errors="0" timestamp="2024-10-10T23:17:23 IST" skipped="2">
  <testcase classname="com.org.tests.AdminTestCases" name="validateWorkShifts" time="13.862"/>
  <testcase classname="com.org.tests.AdminTestCases" name="validatePayGrades">
    <skipped/>
  </testcase> <!-- validatePayGrades -->
  <testcase classname="com.org.tests.AdminTestCases" name="validateJobTitles">
    <skipped/>
  </testcase> <!-- validateJobTitles -->
</testsuite> <!-- com.org.tests.AdminTestCases -->
