<?xml version="1.0" encoding="UTF-8"?>
<!-- Generated by org.testng.reporters.JUnitReportReporter -->
<testsuite hostname="DESKTOP-P77456N" failures="0" tests="1" name="com.org.tests.PIMTestCases" time="0.955" errors="0" timestamp="2024-10-09T23:05:16 IST" skipped="0">
  <testcase classname="com.org.tests.PIMTestCases" name="validatePIMMenu" time="0.955"/>
</testsuite> <!-- com.org.tests.PIMTestCases -->
